<?xml version="1.0" encoding="UTF-8"?>
<!-- Generated by org.testng.reporters.JUnitReportReporter -->
<testsuite hostname="Raghu-PC" name="com.jocata.hybrid.testsuite.cases.ReadJsonObject" tests="1" failures="0" timestamp="2 Nov 2016 18:20:49 GMT" time="0.273" errors="0">
  <testcase name="aptTesting" time="0.273" classname="com.jocata.hybrid.testsuite.cases.ReadJsonObject"/>
</testsuite> <!-- com.jocata.hybrid.testsuite.cases.ReadJsonObject -->
